<?xml version="1.0" encoding="UTF-8"?>
<!-- Generated by org.testng.reporters.JUnitReportReporter -->
<testsuite hostname="NODE196" name="com.jsonasdataprovider.test.home.HomeTest" tests="1" failures="0" timestamp="11 Jul 2017 09:25:18 GMT" time="21.204" errors="0">
  <testcase name="testExtent" time="21.204" classname="com.jsonasdataprovider.test.home.HomeTest"/>
</testsuite> <!-- com.jsonasdataprovider.test.home.HomeTest -->
