<?xml version="1.0" encoding="UTF-8"?>
<!-- Generated by org.testng.reporters.JUnitReportReporter -->
<testsuite hostname="NODE196" name="com.jsonasdataprovider.test.home.HomeTest" tests="1" failures="0" timestamp="5 Jul 2017 10:18:13 GMT" time="21.560" errors="0">
  <testcase name="testExtent" time="21.560" classname="com.jsonasdataprovider.test.home.HomeTest"/>
</testsuite> <!-- com.jsonasdataprovider.test.home.HomeTest -->
